<?xml version="1.0" encoding="UTF-8"?>
<!-- Generated by org.testng.reporters.JUnitXMLReporter -->
<testsuite hostname="PS-DESKTOP-DP3RBS8" ignored="0" name="Default test" tests="3" failures="0" timestamp="2020-08-09T17:24:07 IST" time="0.071" errors="0">
  <testcase name="testNG1" time="0.008" classname="com.TempProj.Tests.SampleTest1"/>
  <testcase name="testNG2" time="0.0" classname="com.TempProj.Tests.SampleTest1"/>
  <testcase name="testNG3" time="0.002" classname="com.TempProj.Tests.SampleTest1"/>
</testsuite> <!-- Default test -->
