<?xml version="1.0" encoding="UTF-8"?>
<!-- Generated by org.testng.reporters.JUnitXMLReporter -->
<testsuite hostname="PS-DESKTOP-DP3RBS8" ignored="0" name="Testng" tests="3" failures="0" timestamp="2020-08-12T12:00:41 IST" time="0.083" errors="0">
  <testcase name="testNG1" time="0.009" classname="com.TempProj.Tests.SampleTest1"/>
  <testcase name="testNG2" time="0.002" classname="com.TempProj.Tests.SampleTest1"/>
  <testcase name="testNG3" time="0.001" classname="com.TempProj.Tests.SampleTest1"/>
</testsuite> <!-- Testng -->
