<?xml version="1.0" encoding="UTF-8"?>
<testng-results skipped="0" failed="0" ignored="0" total="3" passed="3">
  <reporter-output>
  </reporter-output>
  <suite name="Default suite" duration-ms="71" started-at="2020-08-09T17:24:07 IST" finished-at="2020-08-09T17:24:07 IST">
    <groups>
    </groups>
    <test name="Default test" duration-ms="71" started-at="2020-08-09T17:24:07 IST" finished-at="2020-08-09T17:24:07 IST">
      <class name="com.TempProj.Tests.SampleTest1">
        <test-method status="PASS" signature="beforeSuite()[pri:0, instance:com.TempProj.Tests.SampleTest1@3cc2931c]" name="beforeSuite" is-config="true" duration-ms="26" started-at="2020-08-09T17:24:07 IST" finished-at="2020-08-09T17:24:07 IST">
          <reporter-output>
          </reporter-output>
        </test-method> <!-- beforeSuite -->
        <test-method status="PASS" signature="beforeTest()[pri:0, instance:com.TempProj.Tests.SampleTest1@3cc2931c]" name="beforeTest" is-config="true" duration-ms="1" started-at="2020-08-09T17:24:07 IST" finished-at="2020-08-09T17:24:07 IST">
          <reporter-output>
          </reporter-output>
        </test-method> <!-- beforeTest -->
        <test-method status="PASS" signature="beforeClass()[pri:0, instance:com.TempProj.Tests.SampleTest1@3cc2931c]" name="beforeClass" is-config="true" duration-ms="0" started-at="2020-08-09T17:24:07 IST" finished-at="2020-08-09T17:24:07 IST">
          <reporter-output>
          </reporter-output>
        </test-method> <!-- beforeClass -->
        <test-method status="PASS" signature="beforeMethod()[pri:0, instance:com.TempProj.Tests.SampleTest1@3cc2931c]" name="beforeMethod" is-config="true" duration-ms="17" started-at="2020-08-09T17:24:07 IST" finished-at="2020-08-09T17:24:07 IST">
          <reporter-output>
          </reporter-output>
        </test-method> <!-- beforeMethod -->
        <test-method status="PASS" signature="testNG1()[pri:0, instance:com.TempProj.Tests.SampleTest1@3cc2931c]" name="testNG1" duration-ms="8" started-at="2020-08-09T17:24:07 IST" finished-at="2020-08-09T17:24:07 IST">
          <reporter-output>
          </reporter-output>
        </test-method> <!-- testNG1 -->
        <test-method status="PASS" signature="afterMethod()[pri:0, instance:com.TempProj.Tests.SampleTest1@3cc2931c]" name="afterMethod" is-config="true" duration-ms="0" started-at="2020-08-09T17:24:07 IST" finished-at="2020-08-09T17:24:07 IST">
          <reporter-output>
          </reporter-output>
        </test-method> <!-- afterMethod -->
        <test-method status="PASS" signature="beforeMethod()[pri:0, instance:com.TempProj.Tests.SampleTest1@3cc2931c]" name="beforeMethod" is-config="true" duration-ms="0" started-at="2020-08-09T17:24:07 IST" finished-at="2020-08-09T17:24:07 IST">
          <reporter-output>
          </reporter-output>
        </test-method> <!-- beforeMethod -->
        <test-method status="PASS" signature="testNG2()[pri:0, instance:com.TempProj.Tests.SampleTest1@3cc2931c]" name="testNG2" duration-ms="0" started-at="2020-08-09T17:24:07 IST" finished-at="2020-08-09T17:24:07 IST">
          <reporter-output>
          </reporter-output>
        </test-method> <!-- testNG2 -->
        <test-method status="PASS" signature="afterMethod()[pri:0, instance:com.TempProj.Tests.SampleTest1@3cc2931c]" name="afterMethod" is-config="true" duration-ms="0" started-at="2020-08-09T17:24:07 IST" finished-at="2020-08-09T17:24:07 IST">
          <reporter-output>
          </reporter-output>
        </test-method> <!-- afterMethod -->
        <test-method status="PASS" signature="beforeMethod()[pri:0, instance:com.TempProj.Tests.SampleTest1@3cc2931c]" name="beforeMethod" is-config="true" duration-ms="0" started-at="2020-08-09T17:24:07 IST" finished-at="2020-08-09T17:24:07 IST">
          <reporter-output>
          </reporter-output>
        </test-method> <!-- beforeMethod -->
        <test-method status="PASS" signature="testNG3()[pri:0, instance:com.TempProj.Tests.SampleTest1@3cc2931c]" name="testNG3" duration-ms="2" started-at="2020-08-09T17:24:07 IST" finished-at="2020-08-09T17:24:07 IST">
          <reporter-output>
          </reporter-output>
        </test-method> <!-- testNG3 -->
        <test-method status="PASS" signature="afterMethod()[pri:0, instance:com.TempProj.Tests.SampleTest1@3cc2931c]" name="afterMethod" is-config="true" duration-ms="1" started-at="2020-08-09T17:24:07 IST" finished-at="2020-08-09T17:24:07 IST">
          <reporter-output>
          </reporter-output>
        </test-method> <!-- afterMethod -->
        <test-method status="PASS" signature="afterClass()[pri:0, instance:com.TempProj.Tests.SampleTest1@3cc2931c]" name="afterClass" is-config="true" duration-ms="1" started-at="2020-08-09T17:24:07 IST" finished-at="2020-08-09T17:24:07 IST">
          <reporter-output>
          </reporter-output>
        </test-method> <!-- afterClass -->
        <test-method status="PASS" signature="afterTest()[pri:0, instance:com.TempProj.Tests.SampleTest1@3cc2931c]" name="afterTest" is-config="true" duration-ms="0" started-at="2020-08-09T17:24:07 IST" finished-at="2020-08-09T17:24:07 IST">
          <reporter-output>
          </reporter-output>
        </test-method> <!-- afterTest -->
        <test-method status="PASS" signature="afterSuite()[pri:0, instance:com.TempProj.Tests.SampleTest1@3cc2931c]" name="afterSuite" is-config="true" duration-ms="2" started-at="2020-08-09T17:24:07 IST" finished-at="2020-08-09T17:24:07 IST">
          <reporter-output>
          </reporter-output>
        </test-method> <!-- afterSuite -->
      </class> <!-- com.TempProj.Tests.SampleTest1 -->
    </test> <!-- Default test -->
  </suite> <!-- Default suite -->
</testng-results>
